id,program-counter,disasm,num-scalar-instr-before,num-scalar-cycles-before,address,granted-vector-length,requested-vector-length,address-offsets,thread-id,core-id,single-element-width,length-multiplier,register-gather-index,register-dest,register-source-1,register-source-2,register-source-3,masked-operation
0,0x0,".config VLEN=4096,ELEN=64",0,0,,0,,,1958071,3,8,1,,,,,,
1,0x106f4,"vsetvli	a4, a3, e64,m1",274453068165528,536676239077619,,64,1024,,1958071,3,64,1,,"x14","x13",,,
2,0x106f8,"vsetvli	zero, zero, e64,m1",4188,13462,,64,64,,1958071,3,64,1,,"x0","x0",,,
3,0x106fc,"vfmv.v.f	v1, ft0",4188,11065,,64,,,1958071,3,64,1,,"v1","f0",,,0
4,0x10700,"vsetvli	zero, a3, e64,m1",4188,10778,,64,1024,,1958071,3,64,1,,"x0","x13",,,
5,0x1070a,"vse.v	v1, (a2)",4190,10522,0x25e80,64,,,1958071,3,64,1,,,"v1","x12",,0
6,0x106f4,"vsetvli	a4, a3, e64,m1",4192,11147,,64,960,,1958071,3,64,1,,"x14","x13",,,
7,0x106f8,"vsetvli	zero, zero, e64,m1",4188,10500,,64,64,,1958071,3,64,1,,"x0","x0",,,
8,0x106fc,"vfmv.v.f	v1, ft0",4188,10416,,64,,,1958071,3,64,1,,"v1","f0",,,0
9,0x10700,"vsetvli	zero, a3, e64,m1",4188,10230,,64,960,,1958071,3,64,1,,"x0","x13",,,
10,0x1070a,"vse.v	v1, (a2)",4190,10128,0x26080,64,,,1958071,3,64,1,,,"v1","x12",,0
11,0x106f4,"vsetvli	a4, a3, e64,m1",4192,10316,,64,896,,1958071,3,64,1,,"x14","x13",,,
12,0x106f8,"vsetvli	zero, zero, e64,m1",4188,10424,,64,64,,1958071,3,64,1,,"x0","x0",,,
13,0x106fc,"vfmv.v.f	v1, ft0",4188,11170,,64,,,1958071,3,64,1,,"v1","f0",,,0
14,0x10700,"vsetvli	zero, a3, e64,m1",4188,9962,,64,896,,1958071,3,64,1,,"x0","x13",,,
15,0x1070a,"vse.v	v1, (a2)",4190,10092,0x26280,64,,,1958071,3,64,1,,,"v1","x12",,0
16,0x106f4,"vsetvli	a4, a3, e64,m1",4192,10378,,64,832,,1958071,3,64,1,,"x14","x13",,,
17,0x106f8,"vsetvli	zero, zero, e64,m1",4188,9844,,64,64,,1958071,3,64,1,,"x0","x0",,,
18,0x106fc,"vfmv.v.f	v1, ft0",4188,9866,,64,,,1958071,3,64,1,,"v1","f0",,,0
19,0x10700,"vsetvli	zero, a3, e64,m1",4188,10092,,64,832,,1958071,3,64,1,,"x0","x13",,,
20,0x1070a,"vse.v	v1, (a2)",4190,10312,0x26480,64,,,1958071,3,64,1,,,"v1","x12",,0
21,0x106f4,"vsetvli	a4, a3, e64,m1",4192,10032,,64,768,,1958071,3,64,1,,"x14","x13",,,
22,0x106f8,"vsetvli	zero, zero, e64,m1",4188,9864,,64,64,,1958071,3,64,1,,"x0","x0",,,
23,0x106fc,"vfmv.v.f	v1, ft0",4188,10022,,64,,,1958071,3,64,1,,"v1","f0",,,0
24,0x10700,"vsetvli	zero, a3, e64,m1",4188,9800,,64,768,,1958071,3,64,1,,"x0","x13",,,
25,0x1070a,"vse.v	v1, (a2)",4190,10445,0x26680,64,,,1958071,3,64,1,,,"v1","x12",,0
26,0x106f4,"vsetvli	a4, a3, e64,m1",4192,10062,,64,704,,1958071,3,64,1,,"x14","x13",,,
27,0x106f8,"vsetvli	zero, zero, e64,m1",4188,10334,,64,64,,1958071,3,64,1,,"x0","x0",,,
28,0x106fc,"vfmv.v.f	v1, ft0",4188,11124,,64,,,1958071,3,64,1,,"v1","f0",,,0
29,0x10700,"vsetvli	zero, a3, e64,m1",4188,10400,,64,704,,1958071,3,64,1,,"x0","x13",,,
30,0x1070a,"vse.v	v1, (a2)",4190,10199,0x26880,64,,,1958071,3,64,1,,,"v1","x12",,0
31,0x106f4,"vsetvli	a4, a3, e64,m1",4192,10466,,64,640,,1958071,3,64,1,,"x14","x13",,,
32,0x106f8,"vsetvli	zero, zero, e64,m1",4188,10121,,64,64,,1958071,3,64,1,,"x0","x0",,,
33,0x106fc,"vfmv.v.f	v1, ft0",4188,10562,,64,,,1958071,3,64,1,,"v1","f0",,,0
34,0x10700,"vsetvli	zero, a3, e64,m1",4188,9752,,64,640,,1958071,3,64,1,,"x0","x13",,,
35,0x1070a,"vse.v	v1, (a2)",4190,10004,0x26a80,64,,,1958071,3,64,1,,,"v1","x12",,0
36,0x106f4,"vsetvli	a4, a3, e64,m1",4192,10378,,64,576,,1958071,3,64,1,,"x14","x13",,,
37,0x106f8,"vsetvli	zero, zero, e64,m1",4188,9914,,64,64,,1958071,3,64,1,,"x0","x0",,,
38,0x106fc,"vfmv.v.f	v1, ft0",4188,10500,,64,,,1958071,3,64,1,,"v1","f0",,,0
39,0x10700,"vsetvli	zero, a3, e64,m1",4188,9845,,64,576,,1958071,3,64,1,,"x0","x13",,,
40,0x1070a,"vse.v	v1, (a2)",4190,9982,0x26c80,64,,,1958071,3,64,1,,,"v1","x12",,0
41,0x106f4,"vsetvli	a4, a3, e64,m1",4192,10085,,64,512,,1958071,3,64,1,,"x14","x13",,,
42,0x106f8,"vsetvli	zero, zero, e64,m1",4188,10410,,64,64,,1958071,3,64,1,,"x0","x0",,,
43,0x106fc,"vfmv.v.f	v1, ft0",4188,10176,,64,,,1958071,3,64,1,,"v1","f0",,,0
44,0x10700,"vsetvli	zero, a3, e64,m1",4188,10614,,64,512,,1958071,3,64,1,,"x0","x13",,,
45,0x1070a,"vse.v	v1, (a2)",4190,10134,0x26e80,64,,,1958071,3,64,1,,,"v1","x12",,0
46,0x106f4,"vsetvli	a4, a3, e64,m1",4192,10272,,64,448,,1958071,3,64,1,,"x14","x13",,,
47,0x106f8,"vsetvli	zero, zero, e64,m1",4188,10381,,64,64,,1958071,3,64,1,,"x0","x0",,,
48,0x106fc,"vfmv.v.f	v1, ft0",4188,10590,,64,,,1958071,3,64,1,,"v1","f0",,,0
49,0x10700,"vsetvli	zero, a3, e64,m1",4188,10032,,64,448,,1958071,3,64,1,,"x0","x13",,,
50,0x1070a,"vse.v	v1, (a2)",4190,10012,0x27080,64,,,1958071,3,64,1,,,"v1","x12",,0
51,0x106f4,"vsetvli	a4, a3, e64,m1",4192,10076,,64,384,,1958071,3,64,1,,"x14","x13",,,
52,0x106f8,"vsetvli	zero, zero, e64,m1",4188,9926,,64,64,,1958071,3,64,1,,"x0","x0",,,
53,0x106fc,"vfmv.v.f	v1, ft0",4188,10186,,64,,,1958071,3,64,1,,"v1","f0",,,0
54,0x10700,"vsetvli	zero, a3, e64,m1",4188,9908,,64,384,,1958071,3,64,1,,"x0","x13",,,
55,0x1070a,"vse.v	v1, (a2)",4190,10088,0x27280,64,,,1958071,3,64,1,,,"v1","x12",,0
56,0x106f4,"vsetvli	a4, a3, e64,m1",4192,10250,,64,320,,1958071,3,64,1,,"x14","x13",,,
57,0x106f8,"vsetvli	zero, zero, e64,m1",4188,10530,,64,64,,1958071,3,64,1,,"x0","x0",,,
58,0x106fc,"vfmv.v.f	v1, ft0",4188,10050,,64,,,1958071,3,64,1,,"v1","f0",,,0
59,0x10700,"vsetvli	zero, a3, e64,m1",4188,9862,,64,320,,1958071,3,64,1,,"x0","x13",,,
60,0x1070a,"vse.v	v1, (a2)",4190,10643,0x27480,64,,,1958071,3,64,1,,,"v1","x12",,0
61,0x106f4,"vsetvli	a4, a3, e64,m1",4192,10078,,64,256,,1958071,3,64,1,,"x14","x13",,,
62,0x106f8,"vsetvli	zero, zero, e64,m1",4188,9994,,64,64,,1958071,3,64,1,,"x0","x0",,,
63,0x106fc,"vfmv.v.f	v1, ft0",4188,10145,,64,,,1958071,3,64,1,,"v1","f0",,,0
64,0x10700,"vsetvli	zero, a3, e64,m1",4188,9741,,64,256,,1958071,3,64,1,,"x0","x13",,,
65,0x1070a,"vse.v	v1, (a2)",4190,9971,0x27680,64,,,1958071,3,64,1,,,"v1","x12",,0
66,0x106f4,"vsetvli	a4, a3, e64,m1",4192,10494,,64,192,,1958071,3,64,1,,"x14","x13",,,
67,0x106f8,"vsetvli	zero, zero, e64,m1",4188,10039,,64,64,,1958071,3,64,1,,"x0","x0",,,
68,0x106fc,"vfmv.v.f	v1, ft0",4188,10368,,64,,,1958071,3,64,1,,"v1","f0",,,0
69,0x10700,"vsetvli	zero, a3, e64,m1",4188,9555,,64,192,,1958071,3,64,1,,"x0","x13",,,
70,0x1070a,"vse.v	v1, (a2)",4190,10049,0x27880,64,,,1958071,3,64,1,,,"v1","x12",,0
71,0x106f4,"vsetvli	a4, a3, e64,m1",4192,10340,,64,128,,1958071,3,64,1,,"x14","x13",,,
72,0x106f8,"vsetvli	zero, zero, e64,m1",4188,10173,,64,64,,1958071,3,64,1,,"x0","x0",,,
73,0x106fc,"vfmv.v.f	v1, ft0",4188,10112,,64,,,1958071,3,64,1,,"v1","f0",,,0
74,0x10700,"vsetvli	zero, a3, e64,m1",4188,10278,,64,128,,1958071,3,64,1,,"x0","x13",,,
75,0x1070a,"vse.v	v1, (a2)",4190,10384,0x27a80,64,,,1958071,3,64,1,,,"v1","x12",,0
76,0x106f4,"vsetvli	a4, a3, e64,m1",4192,10362,,64,64,,1958071,3,64,1,,"x14","x13",,,
77,0x106f8,"vsetvli	zero, zero, e64,m1",4188,10356,,64,64,,1958071,3,64,1,,"x0","x0",,,
78,0x106fc,"vfmv.v.f	v1, ft0",4188,10396,,64,,,1958071,3,64,1,,"v1","f0",,,0
79,0x10700,"vsetvli	zero, a3, e64,m1",4188,9886,,64,64,,1958071,3,64,1,,"x0","x13",,,
80,0x1070a,"vse.v	v1, (a2)",4190,10368,0x27c80,64,,,1958071,3,64,1,,,"v1","x12",,0
81,0x1072a,"vsetvli	a4, a3, e64,m1",4247,10166,,64,1024,,1958071,3,64,1,,"x14","x13",,,
82,0x1072e,"vsetvli	zero, zero, e64,m1",4188,10137,,64,64,,1958071,3,64,1,,"x0","x0",,,
83,0x10732,"vfmv.v.f	v1, ft0",4188,9777,,64,,,1958071,3,64,1,,"v1","f0",,,0
84,0x10736,"vsetvli	zero, a3, e64,m1",4188,10040,,64,1024,,1958071,3,64,1,,"x0","x13",,,
85,0x10740,"vse.v	v1, (a2)",4190,9976,0x27e90,64,,,1958071,3,64,1,,,"v1","x12",,0
86,0x1072a,"vsetvli	a4, a3, e64,m1",4192,10432,,64,960,,1958071,3,64,1,,"x14","x13",,,
87,0x1072e,"vsetvli	zero, zero, e64,m1",4188,10596,,64,64,,1958071,3,64,1,,"x0","x0",,,
88,0x10732,"vfmv.v.f	v1, ft0",4188,10288,,64,,,1958071,3,64,1,,"v1","f0",,,0
89,0x10736,"vsetvli	zero, a3, e64,m1",4188,9888,,64,960,,1958071,3,64,1,,"x0","x13",,,
90,0x10740,"vse.v	v1, (a2)",4190,10507,0x28090,64,,,1958071,3,64,1,,,"v1","x12",,0
91,0x1072a,"vsetvli	a4, a3, e64,m1",4192,10401,,64,896,,1958071,3,64,1,,"x14","x13",,,
92,0x1072e,"vsetvli	zero, zero, e64,m1",4188,9774,,64,64,,1958071,3,64,1,,"x0","x0",,,
93,0x10732,"vfmv.v.f	v1, ft0",4188,11312,,64,,,1958071,3,64,1,,"v1","f0",,,0
94,0x10736,"vsetvli	zero, a3, e64,m1",4188,10172,,64,896,,1958071,3,64,1,,"x0","x13",,,
95,0x10740,"vse.v	v1, (a2)",4190,10446,0x28290,64,,,1958071,3,64,1,,,"v1","x12",,0
96,0x1072a,"vsetvli	a4, a3, e64,m1",4192,10343,,64,832,,1958071,3,64,1,,"x14","x13",,,
97,0x1072e,"vsetvli	zero, zero, e64,m1",4188,10349,,64,64,,1958071,3,64,1,,"x0","x0",,,
98,0x10732,"vfmv.v.f	v1, ft0",4188,10177,,64,,,1958071,3,64,1,,"v1","f0",,,0
99,0x10736,"vsetvli	zero, a3, e64,m1",4188,9773,,64,832,,1958071,3,64,1,,"x0","x13",,,
100,0x10740,"vse.v	v1, (a2)",4190,10527,0x28490,64,,,1958071,3,64,1,,,"v1","x12",,0
101,0x1072a,"vsetvli	a4, a3, e64,m1",4192,10032,,64,768,,1958071,3,64,1,,"x14","x13",,,
102,0x1072e,"vsetvli	zero, zero, e64,m1",4188,11036,,64,64,,1958071,3,64,1,,"x0","x0",,,
103,0x10732,"vfmv.v.f	v1, ft0",4188,10268,,64,,,1958071,3,64,1,,"v1","f0",,,0
104,0x10736,"vsetvli	zero, a3, e64,m1",4188,10172,,64,768,,1958071,3,64,1,,"x0","x13",,,
105,0x10740,"vse.v	v1, (a2)",4190,10514,0x28690,64,,,1958071,3,64,1,,,"v1","x12",,0
106,0x1072a,"vsetvli	a4, a3, e64,m1",4192,10272,,64,704,,1958071,3,64,1,,"x14","x13",,,
107,0x1072e,"vsetvli	zero, zero, e64,m1",4188,10166,,64,64,,1958071,3,64,1,,"x0","x0",,,
108,0x10732,"vfmv.v.f	v1, ft0",4188,9938,,64,,,1958071,3,64,1,,"v1","f0",,,0
109,0x10736,"vsetvli	zero, a3, e64,m1",4188,10023,,64,704,,1958071,3,64,1,,"x0","x13",,,
110,0x10740,"vse.v	v1, (a2)",4190,10340,0x28890,64,,,1958071,3,64,1,,,"v1","x12",,0
111,0x1072a,"vsetvli	a4, a3, e64,m1",4192,10065,,64,640,,1958071,3,64,1,,"x14","x13",,,
112,0x1072e,"vsetvli	zero, zero, e64,m1",4188,10204,,64,64,,1958071,3,64,1,,"x0","x0",,,
113,0x10732,"vfmv.v.f	v1, ft0",4188,10172,,64,,,1958071,3,64,1,,"v1","f0",,,0
114,0x10736,"vsetvli	zero, a3, e64,m1",4188,10071,,64,640,,1958071,3,64,1,,"x0","x13",,,
115,0x10740,"vse.v	v1, (a2)",4190,10214,0x28a90,64,,,1958071,3,64,1,,,"v1","x12",,0
116,0x1072a,"vsetvli	a4, a3, e64,m1",4192,10206,,64,576,,1958071,3,64,1,,"x14","x13",,,
117,0x1072e,"vsetvli	zero, zero, e64,m1",4188,10139,,64,64,,1958071,3,64,1,,"x0","x0",,,
118,0x10732,"vfmv.v.f	v1, ft0",4188,10331,,64,,,1958071,3,64,1,,"v1","f0",,,0
119,0x10736,"vsetvli	zero, a3, e64,m1",4188,10038,,64,576,,1958071,3,64,1,,"x0","x13",,,
120,0x10740,"vse.v	v1, (a2)",4190,10320,0x28c90,64,,,1958071,3,64,1,,,"v1","x12",,0
121,0x1072a,"vsetvli	a4, a3, e64,m1",4192,10484,,64,512,,1958071,3,64,1,,"x14","x13",,,
122,0x1072e,"vsetvli	zero, zero, e64,m1",4188,10169,,64,64,,1958071,3,64,1,,"x0","x0",,,
123,0x10732,"vfmv.v.f	v1, ft0",4188,10101,,64,,,1958071,3,64,1,,"v1","f0",,,0
124,0x10736,"vsetvli	zero, a3, e64,m1",4188,10064,,64,512,,1958071,3,64,1,,"x0","x13",,,
125,0x10740,"vse.v	v1, (a2)",4190,10170,0x28e90,64,,,1958071,3,64,1,,,"v1","x12",,0
126,0x1072a,"vsetvli	a4, a3, e64,m1",4192,10283,,64,448,,1958071,3,64,1,,"x14","x13",,,
127,0x1072e,"vsetvli	zero, zero, e64,m1",4188,10092,,64,64,,1958071,3,64,1,,"x0","x0",,,
128,0x10732,"vfmv.v.f	v1, ft0",4188,9902,,64,,,1958071,3,64,1,,"v1","f0",,,0
129,0x10736,"vsetvli	zero, a3, e64,m1",4188,9696,,64,448,,1958071,3,64,1,,"x0","x13",,,
130,0x10740,"vse.v	v1, (a2)",4190,10264,0x29090,64,,,1958071,3,64,1,,,"v1","x12",,0
131,0x1072a,"vsetvli	a4, a3, e64,m1",4192,10590,,64,384,,1958071,3,64,1,,"x14","x13",,,
132,0x1072e,"vsetvli	zero, zero, e64,m1",4188,10250,,64,64,,1958071,3,64,1,,"x0","x0",,,
133,0x10732,"vfmv.v.f	v1, ft0",4188,9956,,64,,,1958071,3,64,1,,"v1","f0",,,0
134,0x10736,"vsetvli	zero, a3, e64,m1",4188,9962,,64,384,,1958071,3,64,1,,"x0","x13",,,
135,0x10740,"vse.v	v1, (a2)",4190,9866,0x29290,64,,,1958071,3,64,1,,,"v1","x12",,0
136,0x1072a,"vsetvli	a4, a3, e64,m1",4192,10742,,64,320,,1958071,3,64,1,,"x14","x13",,,
137,0x1072e,"vsetvli	zero, zero, e64,m1",4188,10078,,64,64,,1958071,3,64,1,,"x0","x0",,,
138,0x10732,"vfmv.v.f	v1, ft0",4188,10415,,64,,,1958071,3,64,1,,"v1","f0",,,0
139,0x10736,"vsetvli	zero, a3, e64,m1",4188,9799,,64,320,,1958071,3,64,1,,"x0","x13",,,
140,0x10740,"vse.v	v1, (a2)",4190,10092,0x29490,64,,,1958071,3,64,1,,,"v1","x12",,0
141,0x1072a,"vsetvli	a4, a3, e64,m1",4192,10329,,64,256,,1958071,3,64,1,,"x14","x13",,,
142,0x1072e,"vsetvli	zero, zero, e64,m1",4188,10185,,64,64,,1958071,3,64,1,,"x0","x0",,,
143,0x10732,"vfmv.v.f	v1, ft0",4188,10114,,64,,,1958071,3,64,1,,"v1","f0",,,0
144,0x10736,"vsetvli	zero, a3, e64,m1",4188,9931,,64,256,,1958071,3,64,1,,"x0","x13",,,
145,0x10740,"vse.v	v1, (a2)",4190,10263,0x29690,64,,,1958071,3,64,1,,,"v1","x12",,0
146,0x1072a,"vsetvli	a4, a3, e64,m1",4192,10132,,64,192,,1958071,3,64,1,,"x14","x13",,,
147,0x1072e,"vsetvli	zero, zero, e64,m1",4188,10312,,64,64,,1958071,3,64,1,,"x0","x0",,,
148,0x10732,"vfmv.v.f	v1, ft0",4188,9914,,64,,,1958071,3,64,1,,"v1","f0",,,0
149,0x10736,"vsetvli	zero, a3, e64,m1",4188,9825,,64,192,,1958071,3,64,1,,"x0","x13",,,
150,0x10740,"vse.v	v1, (a2)",4190,9775,0x29890,64,,,1958071,3,64,1,,,"v1","x12",,0
151,0x1072a,"vsetvli	a4, a3, e64,m1",4192,10148,,64,128,,1958071,3,64,1,,"x14","x13",,,
152,0x1072e,"vsetvli	zero, zero, e64,m1",4188,10456,,64,64,,1958071,3,64,1,,"x0","x0",,,
153,0x10732,"vfmv.v.f	v1, ft0",4188,10062,,64,,,1958071,3,64,1,,"v1","f0",,,0
154,0x10736,"vsetvli	zero, a3, e64,m1",4188,9744,,64,128,,1958071,3,64,1,,"x0","x13",,,
155,0x10740,"vse.v	v1, (a2)",4190,10352,0x29a90,64,,,1958071,3,64,1,,,"v1","x12",,0
156,0x1072a,"vsetvli	a4, a3, e64,m1",4192,10348,,64,64,,1958071,3,64,1,,"x14","x13",,,
157,0x1072e,"vsetvli	zero, zero, e64,m1",4188,10109,,64,64,,1958071,3,64,1,,"x0","x0",,,
158,0x10732,"vfmv.v.f	v1, ft0",4188,10053,,64,,,1958071,3,64,1,,"v1","f0",,,0
159,0x10736,"vsetvli	zero, a3, e64,m1",4188,10165,,64,64,,1958071,3,64,1,,"x0","x13",,,
160,0x10740,"vse.v	v1, (a2)",4190,10548,0x29c90,64,,,1958071,3,64,1,,,"v1","x12",,0
161,0x10762,"vsetvli	a4, a4, e64,m1",4247,10402,,64,1024,,1958071,3,64,1,,"x14","x14",,,
162,0x10766,"vle.v	v1, (a3)",4188,10161,0x25e80,64,,,1958071,3,64,1,,"v1","x13",,,0
163,0x1076c,"vle.v	v2, (a2)",4189,10490,0x27e90,64,,,1958071,3,64,1,,"v2","x12",,,0
164,0x10770,"vfmul.vv	v3, v1, v2",4188,10072,,64,,,1958071,3,64,1,,"v3","v1","v2",,0
165,0x10774,"vfmul.vf	v4, v2, ft0",4188,10116,,64,,,1958071,3,64,1,,"v4","v2","f0",,0
166,0x10778,"vfadd.vv	v3, v3, v4",4188,10236,,64,,,1958071,3,64,1,,"v3","v3","v4",,0
167,0x1077c,"vfmul.vv	v1, v1, v3",4188,10508,,64,,,1958071,3,64,1,,"v1","v1","v3",,0
168,0x10780,"vfadd.vv	v1, v2, v1",4188,9922,,64,,,1958071,3,64,1,,"v1","v2","v1",,0
169,0x1078a,"vse.v	v1, (a2)",4190,10668,0x27e90,64,,,1958071,3,64,1,,,"v1","x12",,0
170,0x10762,"vsetvli	a4, a4, e64,m1",4192,10285,,64,960,,1958071,3,64,1,,"x14","x14",,,
171,0x10766,"vle.v	v1, (a3)",4188,10266,0x26080,64,,,1958071,3,64,1,,"v1","x13",,,0
172,0x1076c,"vle.v	v2, (a2)",4189,10391,0x28090,64,,,1958071,3,64,1,,"v2","x12",,,0
173,0x10770,"vfmul.vv	v3, v1, v2",4188,10525,,64,,,1958071,3,64,1,,"v3","v1","v2",,0
174,0x10774,"vfmul.vf	v4, v2, ft0",4188,9966,,64,,,1958071,3,64,1,,"v4","v2","f0",,0
175,0x10778,"vfadd.vv	v3, v3, v4",4188,9824,,64,,,1958071,3,64,1,,"v3","v3","v4",,0
176,0x1077c,"vfmul.vv	v1, v1, v3",4188,9898,,64,,,1958071,3,64,1,,"v1","v1","v3",,0
177,0x10780,"vfadd.vv	v1, v2, v1",4188,10306,,64,,,1958071,3,64,1,,"v1","v2","v1",,0
178,0x1078a,"vse.v	v1, (a2)",4190,9996,0x28090,64,,,1958071,3,64,1,,,"v1","x12",,0
179,0x10762,"vsetvli	a4, a4, e64,m1",4192,10286,,64,896,,1958071,3,64,1,,"x14","x14",,,
180,0x10766,"vle.v	v1, (a3)",4188,10272,0x26280,64,,,1958071,3,64,1,,"v1","x13",,,0
181,0x1076c,"vle.v	v2, (a2)",4189,10540,0x28290,64,,,1958071,3,64,1,,"v2","x12",,,0
182,0x10770,"vfmul.vv	v3, v1, v2",4188,10074,,64,,,1958071,3,64,1,,"v3","v1","v2",,0
183,0x10774,"vfmul.vf	v4, v2, ft0",4188,10092,,64,,,1958071,3,64,1,,"v4","v2","f0",,0
184,0x10778,"vfadd.vv	v3, v3, v4",4188,9804,,64,,,1958071,3,64,1,,"v3","v3","v4",,0
185,0x1077c,"vfmul.vv	v1, v1, v3",4188,10382,,64,,,1958071,3,64,1,,"v1","v1","v3",,0
186,0x10780,"vfadd.vv	v1, v2, v1",4188,9667,,64,,,1958071,3,64,1,,"v1","v2","v1",,0
187,0x1078a,"vse.v	v1, (a2)",4190,10106,0x28290,64,,,1958071,3,64,1,,,"v1","x12",,0
188,0x10762,"vsetvli	a4, a4, e64,m1",4192,10990,,64,832,,1958071,3,64,1,,"x14","x14",,,
189,0x10766,"vle.v	v1, (a3)",4188,10650,0x26480,64,,,1958071,3,64,1,,"v1","x13",,,0
190,0x1076c,"vle.v	v2, (a2)",4189,10179,0x28490,64,,,1958071,3,64,1,,"v2","x12",,,0
191,0x10770,"vfmul.vv	v3, v1, v2",4188,10176,,64,,,1958071,3,64,1,,"v3","v1","v2",,0
192,0x10774,"vfmul.vf	v4, v2, ft0",4188,10276,,64,,,1958071,3,64,1,,"v4","v2","f0",,0
193,0x10778,"vfadd.vv	v3, v3, v4",4188,9953,,64,,,1958071,3,64,1,,"v3","v3","v4",,0
194,0x1077c,"vfmul.vv	v1, v1, v3",4188,10132,,64,,,1958071,3,64,1,,"v1","v1","v3",,0
195,0x10780,"vfadd.vv	v1, v2, v1",4188,9894,,64,,,1958071,3,64,1,,"v1","v2","v1",,0
196,0x1078a,"vse.v	v1, (a2)",4190,10317,0x28490,64,,,1958071,3,64,1,,,"v1","x12",,0
197,0x10762,"vsetvli	a4, a4, e64,m1",4192,10264,,64,768,,1958071,3,64,1,,"x14","x14",,,
198,0x10766,"vle.v	v1, (a3)",4188,10362,0x26680,64,,,1958071,3,64,1,,"v1","x13",,,0
199,0x1076c,"vle.v	v2, (a2)",4189,10266,0x28690,64,,,1958071,3,64,1,,"v2","x12",,,0
200,0x10770,"vfmul.vv	v3, v1, v2",4188,10014,,64,,,1958071,3,64,1,,"v3","v1","v2",,0
201,0x10774,"vfmul.vf	v4, v2, ft0",4188,10120,,64,,,1958071,3,64,1,,"v4","v2","f0",,0
202,0x10778,"vfadd.vv	v3, v3, v4",4188,9847,,64,,,1958071,3,64,1,,"v3","v3","v4",,0
203,0x1077c,"vfmul.vv	v1, v1, v3",4188,9902,,64,,,1958071,3,64,1,,"v1","v1","v3",,0
204,0x10780,"vfadd.vv	v1, v2, v1",4188,9816,,64,,,1958071,3,64,1,,"v1","v2","v1",,0
205,0x1078a,"vse.v	v1, (a2)",4190,10139,0x28690,64,,,1958071,3,64,1,,,"v1","x12",,0
206,0x10762,"vsetvli	a4, a4, e64,m1",4192,10536,,64,704,,1958071,3,64,1,,"x14","x14",,,
207,0x10766,"vle.v	v1, (a3)",4188,10205,0x26880,64,,,1958071,3,64,1,,"v1","x13",,,0
208,0x1076c,"vle.v	v2, (a2)",4189,10382,0x28890,64,,,1958071,3,64,1,,"v2","x12",,,0
209,0x10770,"vfmul.vv	v3, v1, v2",4188,10403,,64,,,1958071,3,64,1,,"v3","v1","v2",,0
210,0x10774,"vfmul.vf	v4, v2, ft0",4188,10126,,64,,,1958071,3,64,1,,"v4","v2","f0",,0
211,0x10778,"vfadd.vv	v3, v3, v4",4188,9904,,64,,,1958071,3,64,1,,"v3","v3","v4",,0
212,0x1077c,"vfmul.vv	v1, v1, v3",4188,10006,,64,,,1958071,3,64,1,,"v1","v1","v3",,0
213,0x10780,"vfadd.vv	v1, v2, v1",4188,9806,,64,,,1958071,3,64,1,,"v1","v2","v1",,0
214,0x1078a,"vse.v	v1, (a2)",4190,10250,0x28890,64,,,1958071,3,64,1,,,"v1","x12",,0
215,0x10762,"vsetvli	a4, a4, e64,m1",4192,10162,,64,640,,1958071,3,64,1,,"x14","x14",,,
216,0x10766,"vle.v	v1, (a3)",4188,10217,0x26a80,64,,,1958071,3,64,1,,"v1","x13",,,0
217,0x1076c,"vle.v	v2, (a2)",4189,10091,0x28a90,64,,,1958071,3,64,1,,"v2","x12",,,0
218,0x10770,"vfmul.vv	v3, v1, v2",4188,10352,,64,,,1958071,3,64,1,,"v3","v1","v2",,0
219,0x10774,"vfmul.vf	v4, v2, ft0",4188,9841,,64,,,1958071,3,64,1,,"v4","v2","f0",,0
220,0x10778,"vfadd.vv	v3, v3, v4",4188,10202,,64,,,1958071,3,64,1,,"v3","v3","v4",,0
221,0x1077c,"vfmul.vv	v1, v1, v3",4188,10160,,64,,,1958071,3,64,1,,"v1","v1","v3",,0
222,0x10780,"vfadd.vv	v1, v2, v1",4188,9984,,64,,,1958071,3,64,1,,"v1","v2","v1",,0
223,0x1078a,"vse.v	v1, (a2)",4190,10314,0x28a90,64,,,1958071,3,64,1,,,"v1","x12",,0
224,0x10762,"vsetvli	a4, a4, e64,m1",4192,10426,,64,576,,1958071,3,64,1,,"x14","x14",,,
225,0x10766,"vle.v	v1, (a3)",4188,10016,0x26c80,64,,,1958071,3,64,1,,"v1","x13",,,0
226,0x1076c,"vle.v	v2, (a2)",4189,9994,0x28c90,64,,,1958071,3,64,1,,"v2","x12",,,0
227,0x10770,"vfmul.vv	v3, v1, v2",4188,9935,,64,,,1958071,3,64,1,,"v3","v1","v2",,0
228,0x10774,"vfmul.vf	v4, v2, ft0",4188,9862,,64,,,1958071,3,64,1,,"v4","v2","f0",,0
229,0x10778,"vfadd.vv	v3, v3, v4",4188,10494,,64,,,1958071,3,64,1,,"v3","v3","v4",,0
230,0x1077c,"vfmul.vv	v1, v1, v3",4188,10426,,64,,,1958071,3,64,1,,"v1","v1","v3",,0
231,0x10780,"vfadd.vv	v1, v2, v1",4188,10515,,64,,,1958071,3,64,1,,"v1","v2","v1",,0
232,0x1078a,"vse.v	v1, (a2)",4190,9913,0x28c90,64,,,1958071,3,64,1,,,"v1","x12",,0
233,0x10762,"vsetvli	a4, a4, e64,m1",4192,10273,,64,512,,1958071,3,64,1,,"x14","x14",,,
234,0x10766,"vle.v	v1, (a3)",4188,10124,0x26e80,64,,,1958071,3,64,1,,"v1","x13",,,0
235,0x1076c,"vle.v	v2, (a2)",4189,10216,0x28e90,64,,,1958071,3,64,1,,"v2","x12",,,0
236,0x10770,"vfmul.vv	v3, v1, v2",4188,9813,,64,,,1958071,3,64,1,,"v3","v1","v2",,0
237,0x10774,"vfmul.vf	v4, v2, ft0",4188,10086,,64,,,1958071,3,64,1,,"v4","v2","f0",,0
238,0x10778,"vfadd.vv	v3, v3, v4",4188,9938,,64,,,1958071,3,64,1,,"v3","v3","v4",,0
239,0x1077c,"vfmul.vv	v1, v1, v3",4188,9916,,64,,,1958071,3,64,1,,"v1","v1","v3",,0
240,0x10780,"vfadd.vv	v1, v2, v1",4188,9898,,64,,,1958071,3,64,1,,"v1","v2","v1",,0
241,0x1078a,"vse.v	v1, (a2)",4190,9999,0x28e90,64,,,1958071,3,64,1,,,"v1","x12",,0
242,0x10762,"vsetvli	a4, a4, e64,m1",4192,10259,,64,448,,1958071,3,64,1,,"x14","x14",,,
243,0x10766,"vle.v	v1, (a3)",4188,10344,0x27080,64,,,1958071,3,64,1,,"v1","x13",,,0
244,0x1076c,"vle.v	v2, (a2)",4189,10088,0x29090,64,,,1958071,3,64,1,,"v2","x12",,,0
245,0x10770,"vfmul.vv	v3, v1, v2",4188,10232,,64,,,1958071,3,64,1,,"v3","v1","v2",,0
246,0x10774,"vfmul.vf	v4, v2, ft0",4188,10132,,64,,,1958071,3,64,1,,"v4","v2","f0",,0
247,0x10778,"vfadd.vv	v3, v3, v4",4188,9930,,64,,,1958071,3,64,1,,"v3","v3","v4",,0
248,0x1077c,"vfmul.vv	v1, v1, v3",4188,10076,,64,,,1958071,3,64,1,,"v1","v1","v3",,0
249,0x10780,"vfadd.vv	v1, v2, v1",4188,9698,,64,,,1958071,3,64,1,,"v1","v2","v1",,0
250,0x1078a,"vse.v	v1, (a2)",4190,9900,0x29090,64,,,1958071,3,64,1,,,"v1","x12",,0
251,0x10762,"vsetvli	a4, a4, e64,m1",4192,11182,,64,384,,1958071,3,64,1,,"x14","x14",,,
252,0x10766,"vle.v	v1, (a3)",4188,10464,0x27280,64,,,1958071,3,64,1,,"v1","x13",,,0
253,0x1076c,"vle.v	v2, (a2)",4189,10018,0x29290,64,,,1958071,3,64,1,,"v2","x12",,,0
254,0x10770,"vfmul.vv	v3, v1, v2",4188,10510,,64,,,1958071,3,64,1,,"v3","v1","v2",,0
255,0x10774,"vfmul.vf	v4, v2, ft0",4188,10241,,64,,,1958071,3,64,1,,"v4","v2","f0",,0
256,0x10778,"vfadd.vv	v3, v3, v4",4188,9586,,64,,,1958071,3,64,1,,"v3","v3","v4",,0
257,0x1077c,"vfmul.vv	v1, v1, v3",4188,10028,,64,,,1958071,3,64,1,,"v1","v1","v3",,0
258,0x10780,"vfadd.vv	v1, v2, v1",4188,9712,,64,,,1958071,3,64,1,,"v1","v2","v1",,0
259,0x1078a,"vse.v	v1, (a2)",4190,9668,0x29290,64,,,1958071,3,64,1,,,"v1","x12",,0
260,0x10762,"vsetvli	a4, a4, e64,m1",4192,10322,,64,320,,1958071,3,64,1,,"x14","x14",,,
261,0x10766,"vle.v	v1, (a3)",4188,10610,0x27480,64,,,1958071,3,64,1,,"v1","x13",,,0
262,0x1076c,"vle.v	v2, (a2)",4189,10332,0x29490,64,,,1958071,3,64,1,,"v2","x12",,,0
263,0x10770,"vfmul.vv	v3, v1, v2",4188,10050,,64,,,1958071,3,64,1,,"v3","v1","v2",,0
264,0x10774,"vfmul.vf	v4, v2, ft0",4188,9978,,64,,,1958071,3,64,1,,"v4","v2","f0",,0
265,0x10778,"vfadd.vv	v3, v3, v4",4188,9715,,64,,,1958071,3,64,1,,"v3","v3","v4",,0
266,0x1077c,"vfmul.vv	v1, v1, v3",4188,9908,,64,,,1958071,3,64,1,,"v1","v1","v3",,0
267,0x10780,"vfadd.vv	v1, v2, v1",4188,9756,,64,,,1958071,3,64,1,,"v1","v2","v1",,0
268,0x1078a,"vse.v	v1, (a2)",4190,9694,0x29490,64,,,1958071,3,64,1,,,"v1","x12",,0
269,0x10762,"vsetvli	a4, a4, e64,m1",4192,10082,,64,256,,1958071,3,64,1,,"x14","x14",,,
270,0x10766,"vle.v	v1, (a3)",4188,10273,0x27680,64,,,1958071,3,64,1,,"v1","x13",,,0
271,0x1076c,"vle.v	v2, (a2)",4189,10772,0x29690,64,,,1958071,3,64,1,,"v2","x12",,,0
272,0x10770,"vfmul.vv	v3, v1, v2",4188,10247,,64,,,1958071,3,64,1,,"v3","v1","v2",,0
273,0x10774,"vfmul.vf	v4, v2, ft0",4188,9824,,64,,,1958071,3,64,1,,"v4","v2","f0",,0
274,0x10778,"vfadd.vv	v3, v3, v4",4188,10202,,64,,,1958071,3,64,1,,"v3","v3","v4",,0
275,0x1077c,"vfmul.vv	v1, v1, v3",4188,9790,,64,,,1958071,3,64,1,,"v1","v1","v3",,0
276,0x10780,"vfadd.vv	v1, v2, v1",4188,9648,,64,,,1958071,3,64,1,,"v1","v2","v1",,0
277,0x1078a,"vse.v	v1, (a2)",4190,10132,0x29690,64,,,1958071,3,64,1,,,"v1","x12",,0
278,0x10762,"vsetvli	a4, a4, e64,m1",4192,10194,,64,192,,1958071,3,64,1,,"x14","x14",,,
279,0x10766,"vle.v	v1, (a3)",4188,10096,0x27880,64,,,1958071,3,64,1,,"v1","x13",,,0
280,0x1076c,"vle.v	v2, (a2)",4189,10208,0x29890,64,,,1958071,3,64,1,,"v2","x12",,,0
281,0x10770,"vfmul.vv	v3, v1, v2",4188,9980,,64,,,1958071,3,64,1,,"v3","v1","v2",,0
282,0x10774,"vfmul.vf	v4, v2, ft0",4188,10202,,64,,,1958071,3,64,1,,"v4","v2","f0",,0
283,0x10778,"vfadd.vv	v3, v3, v4",4188,10114,,64,,,1958071,3,64,1,,"v3","v3","v4",,0
284,0x1077c,"vfmul.vv	v1, v1, v3",4188,10752,,64,,,1958071,3,64,1,,"v1","v1","v3",,0
285,0x10780,"vfadd.vv	v1, v2, v1",4188,9752,,64,,,1958071,3,64,1,,"v1","v2","v1",,0
286,0x1078a,"vse.v	v1, (a2)",4190,9960,0x29890,64,,,1958071,3,64,1,,,"v1","x12",,0
287,0x10762,"vsetvli	a4, a4, e64,m1",4192,10258,,64,128,,1958071,3,64,1,,"x14","x14",,,
288,0x10766,"vle.v	v1, (a3)",4188,10254,0x27a80,64,,,1958071,3,64,1,,"v1","x13",,,0
289,0x1076c,"vle.v	v2, (a2)",4189,10128,0x29a90,64,,,1958071,3,64,1,,"v2","x12",,,0
290,0x10770,"vfmul.vv	v3, v1, v2",4188,10302,,64,,,1958071,3,64,1,,"v3","v1","v2",,0
291,0x10774,"vfmul.vf	v4, v2, ft0",4188,10578,,64,,,1958071,3,64,1,,"v4","v2","f0",,0
292,0x10778,"vfadd.vv	v3, v3, v4",4188,10452,,64,,,1958071,3,64,1,,"v3","v3","v4",,0
293,0x1077c,"vfmul.vv	v1, v1, v3",4188,10393,,64,,,1958071,3,64,1,,"v1","v1","v3",,0
294,0x10780,"vfadd.vv	v1, v2, v1",4188,9853,,64,,,1958071,3,64,1,,"v1","v2","v1",,0
295,0x1078a,"vse.v	v1, (a2)",4190,9818,0x29a90,64,,,1958071,3,64,1,,,"v1","x12",,0
296,0x10762,"vsetvli	a4, a4, e64,m1",4192,9890,,64,64,,1958071,3,64,1,,"x14","x14",,,
297,0x10766,"vle.v	v1, (a3)",4188,10317,0x27c80,64,,,1958071,3,64,1,,"v1","x13",,,0
298,0x1076c,"vle.v	v2, (a2)",4189,9978,0x29c90,64,,,1958071,3,64,1,,"v2","x12",,,0
299,0x10770,"vfmul.vv	v3, v1, v2",4188,10338,,64,,,1958071,3,64,1,,"v3","v1","v2",,0
300,0x10774,"vfmul.vf	v4, v2, ft0",4188,9972,,64,,,1958071,3,64,1,,"v4","v2","f0",,0
301,0x10778,"vfadd.vv	v3, v3, v4",4188,10050,,64,,,1958071,3,64,1,,"v3","v3","v4",,0
302,0x1077c,"vfmul.vv	v1, v1, v3",4188,10026,,64,,,1958071,3,64,1,,"v1","v1","v3",,0
303,0x10780,"vfadd.vv	v1, v2, v1",4188,9944,,64,,,1958071,3,64,1,,"v1","v2","v1",,0
304,0x1078a,"vse.v	v1, (a2)",4190,9820,0x29c90,64,,,1958071,3,64,1,,,"v1","x12",,0
