id,program-counter,disasm,num-scalar-instr-before,num-scalar-cycles-before,address,granted-vector-length,requested-vector-length,address-offsets,thread-id,core-id,single-element-width,length-multiplier,register-gather-index,register-dest,register-source-1,register-source-2,register-source-3,masked-operation
0,0x0,".config VLEN=4096,ELEN=64",0,0,,0,,,1517041,3,8,1,,,,,,
1,0x10834,"vsetvli	a4, a4, e64,m1",237251623457044,455532011608502,,64,1024,,1517041,3,64,1,,"x14","x14",,,
2,0x10838,"vle.v	v1, (a0)",4188,27091,0x25e80,64,,,1517041,3,64,1,,"v1","x10",,,0
3,0x1083c,"vle.v	v2, (a1)",4189,17585,0x27e90,64,,,1517041,3,64,1,,"v2","x11",,,0
4,0x10840,"vfmacc.vf	v2, fa0, v1",4188,11651,,64,,,1517041,3,64,1,,"v2","v2","f10","v1",0
5,0x1084c,"vse.v	v2, (a1)",4191,16477,0x27e90,64,,,1517041,3,64,1,,,"v2","x11",,0
6,0x10834,"vsetvli	a4, a4, e64,m1",4192,14691,,64,960,,1517041,3,64,1,,"x14","x14",,,
7,0x10838,"vle.v	v1, (a0)",4188,10409,0x26080,64,,,1517041,3,64,1,,"v1","x10",,,0
8,0x1083c,"vle.v	v2, (a1)",4188,10485,0x28090,64,,,1517041,3,64,1,,"v2","x11",,,0
9,0x10840,"vfmacc.vf	v2, fa0, v1",4189,10667,,64,,,1517041,3,64,1,,"v2","v2","f10","v1",0
10,0x1084c,"vse.v	v2, (a1)",4191,10609,0x28090,64,,,1517041,3,64,1,,,"v2","x11",,0
11,0x10834,"vsetvli	a4, a4, e64,m1",4191,10573,,64,896,,1517041,3,64,1,,"x14","x14",,,
12,0x10838,"vle.v	v1, (a0)",4189,11211,0x26280,64,,,1517041,3,64,1,,"v1","x10",,,0
13,0x1083c,"vle.v	v2, (a1)",4188,10999,0x28290,64,,,1517041,3,64,1,,"v2","x11",,,0
14,0x10840,"vfmacc.vf	v2, fa0, v1",4188,10455,,64,,,1517041,3,64,1,,"v2","v2","f10","v1",0
15,0x1084c,"vse.v	v2, (a1)",4191,10367,0x28290,64,,,1517041,3,64,1,,,"v2","x11",,0
16,0x10834,"vsetvli	a4, a4, e64,m1",4191,10431,,64,832,,1517041,3,64,1,,"x14","x14",,,
17,0x10838,"vle.v	v1, (a0)",4188,10059,0x26480,64,,,1517041,3,64,1,,"v1","x10",,,0
18,0x1083c,"vle.v	v2, (a1)",4188,10753,0x28490,64,,,1517041,3,64,1,,"v2","x11",,,0
19,0x10840,"vfmacc.vf	v2, fa0, v1",4188,11103,,64,,,1517041,3,64,1,,"v2","v2","f10","v1",0
20,0x1084c,"vse.v	v2, (a1)",4191,10165,0x28490,64,,,1517041,3,64,1,,,"v2","x11",,0
21,0x10834,"vsetvli	a4, a4, e64,m1",4191,10831,,64,768,,1517041,3,64,1,,"x14","x14",,,
22,0x10838,"vle.v	v1, (a0)",4188,10521,0x26680,64,,,1517041,3,64,1,,"v1","x10",,,0
23,0x1083c,"vle.v	v2, (a1)",4188,11449,0x28690,64,,,1517041,3,64,1,,"v2","x11",,,0
24,0x10840,"vfmacc.vf	v2, fa0, v1",4188,10429,,64,,,1517041,3,64,1,,"v2","v2","f10","v1",0
25,0x1084c,"vse.v	v2, (a1)",4191,10493,0x28690,64,,,1517041,3,64,1,,,"v2","x11",,0
26,0x10834,"vsetvli	a4, a4, e64,m1",4191,10630,,64,704,,1517041,3,64,1,,"x14","x14",,,
27,0x10838,"vle.v	v1, (a0)",4188,10857,0x26880,64,,,1517041,3,64,1,,"v1","x10",,,0
28,0x1083c,"vle.v	v2, (a1)",4188,10875,0x28890,64,,,1517041,3,64,1,,"v2","x11",,,0
29,0x10840,"vfmacc.vf	v2, fa0, v1",4188,10815,,64,,,1517041,3,64,1,,"v2","v2","f10","v1",0
30,0x1084c,"vse.v	v2, (a1)",4191,10637,0x28890,64,,,1517041,3,64,1,,,"v2","x11",,0
31,0x10834,"vsetvli	a4, a4, e64,m1",4191,10805,,64,640,,1517041,3,64,1,,"x14","x14",,,
32,0x10838,"vle.v	v1, (a0)",4188,10273,0x26a80,64,,,1517041,3,64,1,,"v1","x10",,,0
33,0x1083c,"vle.v	v2, (a1)",4188,10545,0x28a90,64,,,1517041,3,64,1,,"v2","x11",,,0
34,0x10840,"vfmacc.vf	v2, fa0, v1",4188,10353,,64,,,1517041,3,64,1,,"v2","v2","f10","v1",0
35,0x1084c,"vse.v	v2, (a1)",4191,10245,0x28a90,64,,,1517041,3,64,1,,,"v2","x11",,0
36,0x10834,"vsetvli	a4, a4, e64,m1",4191,11065,,64,576,,1517041,3,64,1,,"x14","x14",,,
37,0x10838,"vle.v	v1, (a0)",4188,10641,0x26c80,64,,,1517041,3,64,1,,"v1","x10",,,0
38,0x1083c,"vle.v	v2, (a1)",4188,10517,0x28c90,64,,,1517041,3,64,1,,"v2","x11",,,0
39,0x10840,"vfmacc.vf	v2, fa0, v1",4188,10441,,64,,,1517041,3,64,1,,"v2","v2","f10","v1",0
40,0x1084c,"vse.v	v2, (a1)",4191,10495,0x28c90,64,,,1517041,3,64,1,,,"v2","x11",,0
41,0x10834,"vsetvli	a4, a4, e64,m1",4191,10371,,64,512,,1517041,3,64,1,,"x14","x14",,,
42,0x10838,"vle.v	v1, (a0)",4188,10261,0x26e80,64,,,1517041,3,64,1,,"v1","x10",,,0
43,0x1083c,"vle.v	v2, (a1)",4188,10247,0x28e90,64,,,1517041,3,64,1,,"v2","x11",,,0
44,0x10840,"vfmacc.vf	v2, fa0, v1",4188,10627,,64,,,1517041,3,64,1,,"v2","v2","f10","v1",0
45,0x1084c,"vse.v	v2, (a1)",4191,10399,0x28e90,64,,,1517041,3,64,1,,,"v2","x11",,0
46,0x10834,"vsetvli	a4, a4, e64,m1",4191,10589,,64,448,,1517041,3,64,1,,"x14","x14",,,
47,0x10838,"vle.v	v1, (a0)",4188,10095,0x27080,64,,,1517041,3,64,1,,"v1","x10",,,0
48,0x1083c,"vle.v	v2, (a1)",4188,10759,0x29090,64,,,1517041,3,64,1,,"v2","x11",,,0
49,0x10840,"vfmacc.vf	v2, fa0, v1",4188,10375,,64,,,1517041,3,64,1,,"v2","v2","f10","v1",0
50,0x1084c,"vse.v	v2, (a1)",4191,10201,0x29090,64,,,1517041,3,64,1,,,"v2","x11",,0
51,0x10834,"vsetvli	a4, a4, e64,m1",4191,11093,,64,384,,1517041,3,64,1,,"x14","x14",,,
52,0x10838,"vle.v	v1, (a0)",4188,10581,0x27280,64,,,1517041,3,64,1,,"v1","x10",,,0
53,0x1083c,"vle.v	v2, (a1)",4188,10315,0x29290,64,,,1517041,3,64,1,,"v2","x11",,,0
54,0x10840,"vfmacc.vf	v2, fa0, v1",4188,10549,,64,,,1517041,3,64,1,,"v2","v2","f10","v1",0
55,0x1084c,"vse.v	v2, (a1)",4191,9993,0x29290,64,,,1517041,3,64,1,,,"v2","x11",,0
56,0x10834,"vsetvli	a4, a4, e64,m1",4191,10461,,64,320,,1517041,3,64,1,,"x14","x14",,,
57,0x10838,"vle.v	v1, (a0)",4188,10695,0x27480,64,,,1517041,3,64,1,,"v1","x10",,,0
58,0x1083c,"vle.v	v2, (a1)",4188,10639,0x29490,64,,,1517041,3,64,1,,"v2","x11",,,0
59,0x10840,"vfmacc.vf	v2, fa0, v1",4188,10731,,64,,,1517041,3,64,1,,"v2","v2","f10","v1",0
60,0x1084c,"vse.v	v2, (a1)",4191,10391,0x29490,64,,,1517041,3,64,1,,,"v2","x11",,0
61,0x10834,"vsetvli	a4, a4, e64,m1",4191,10383,,64,256,,1517041,3,64,1,,"x14","x14",,,
62,0x10838,"vle.v	v1, (a0)",4188,10237,0x27680,64,,,1517041,3,64,1,,"v1","x10",,,0
63,0x1083c,"vle.v	v2, (a1)",4188,10371,0x29690,64,,,1517041,3,64,1,,"v2","x11",,,0
64,0x10840,"vfmacc.vf	v2, fa0, v1",4188,10513,,64,,,1517041,3,64,1,,"v2","v2","f10","v1",0
65,0x1084c,"vse.v	v2, (a1)",4191,10633,0x29690,64,,,1517041,3,64,1,,,"v2","x11",,0
66,0x10834,"vsetvli	a4, a4, e64,m1",4191,10711,,64,192,,1517041,3,64,1,,"x14","x14",,,
67,0x10838,"vle.v	v1, (a0)",4189,10157,0x27880,64,,,1517041,3,64,1,,"v1","x10",,,0
68,0x1083c,"vle.v	v2, (a1)",4189,10665,0x29890,64,,,1517041,3,64,1,,"v2","x11",,,0
69,0x10840,"vfmacc.vf	v2, fa0, v1",4189,10439,,64,,,1517041,3,64,1,,"v2","v2","f10","v1",0
70,0x1084c,"vse.v	v2, (a1)",4192,10223,0x29890,64,,,1517041,3,64,1,,,"v2","x11",,0
71,0x10834,"vsetvli	a4, a4, e64,m1",4191,10279,,64,128,,1517041,3,64,1,,"x14","x14",,,
72,0x10838,"vle.v	v1, (a0)",4188,10377,0x27a80,64,,,1517041,3,64,1,,"v1","x10",,,0
73,0x1083c,"vle.v	v2, (a1)",4189,10541,0x29a90,64,,,1517041,3,64,1,,"v2","x11",,,0
74,0x10840,"vfmacc.vf	v2, fa0, v1",4188,11047,,64,,,1517041,3,64,1,,"v2","v2","f10","v1",0
75,0x1084c,"vse.v	v2, (a1)",4191,10405,0x29a90,64,,,1517041,3,64,1,,,"v2","x11",,0
76,0x10834,"vsetvli	a4, a4, e64,m1",4191,10627,,64,64,,1517041,3,64,1,,"x14","x14",,,
77,0x10838,"vle.v	v1, (a0)",4188,10163,0x27c80,64,,,1517041,3,64,1,,"v1","x10",,,0
78,0x1083c,"vle.v	v2, (a1)",4188,10749,0x29c90,64,,,1517041,3,64,1,,"v2","x11",,,0
79,0x10840,"vfmacc.vf	v2, fa0, v1",4188,10703,,64,,,1517041,3,64,1,,"v2","v2","f10","v1",0
80,0x1084c,"vse.v	v2, (a1)",4191,10403,0x29c90,64,,,1517041,3,64,1,,,"v2","x11",,0
