id,program-counter,disasm,num-scalar-instr-before,num-scalar-cycles-before,address,granted-vector-length,requested-vector-length,address-offsets,thread-id,core-id,single-element-width,length-multiplier,register-gather-index,register-dest,register-source-1,register-source-2,register-source-3,masked-operation
0,0x0,".config VLEN=4096,ELEN=64",0,0,,0,,,1518359,3,8,1,,,,,,
1,0x10834,"vsetvli	a4, a4, e64,m1",237494829046608,455932585480762,,64,1024,,1518359,3,64,1,,"x14","x14",,,
2,0x10838,"vle.v	v1, (a0)",4188,26659,0x25e80,64,,,1518359,3,64,1,,"v1","x10",,,0
3,0x1083c,"vle.v	v2, (a1)",4189,16583,0x27e90,64,,,1518359,3,64,1,,"v2","x11",,,0
4,0x10840,"vfmacc.vf	v2, fa0, v1",4188,10939,,64,,,1518359,3,64,1,,"v2","v2","f10","v1",0
5,0x1084c,"vse.v	v2, (a1)",4192,13973,0x27e90,64,,,1518359,3,64,1,,,"v2","x11",,0
6,0x10834,"vsetvli	a4, a4, e64,m1",4192,15055,,64,960,,1518359,3,64,1,,"x14","x14",,,
7,0x10838,"vle.v	v1, (a0)",4188,10019,0x26080,64,,,1518359,3,64,1,,"v1","x10",,,0
8,0x1083c,"vle.v	v2, (a1)",4188,10073,0x28090,64,,,1518359,3,64,1,,"v2","x11",,,0
9,0x10840,"vfmacc.vf	v2, fa0, v1",4188,10315,,64,,,1518359,3,64,1,,"v2","v2","f10","v1",0
10,0x1084c,"vse.v	v2, (a1)",4191,9969,0x28090,64,,,1518359,3,64,1,,,"v2","x11",,0
11,0x10834,"vsetvli	a4, a4, e64,m1",4191,10337,,64,896,,1518359,3,64,1,,"x14","x14",,,
12,0x10838,"vle.v	v1, (a0)",4189,11195,0x26280,64,,,1518359,3,64,1,,"v1","x10",,,0
13,0x1083c,"vle.v	v2, (a1)",4188,10389,0x28290,64,,,1518359,3,64,1,,"v2","x11",,,0
14,0x10840,"vfmacc.vf	v2, fa0, v1",4189,10259,,64,,,1518359,3,64,1,,"v2","v2","f10","v1",0
15,0x1084c,"vse.v	v2, (a1)",4192,10039,0x28290,64,,,1518359,3,64,1,,,"v2","x11",,0
16,0x10834,"vsetvli	a4, a4, e64,m1",4191,9987,,64,832,,1518359,3,64,1,,"x14","x14",,,
17,0x10838,"vle.v	v1, (a0)",4188,10255,0x26480,64,,,1518359,3,64,1,,"v1","x10",,,0
18,0x1083c,"vle.v	v2, (a1)",4189,10093,0x28490,64,,,1518359,3,64,1,,"v2","x11",,,0
19,0x10840,"vfmacc.vf	v2, fa0, v1",4189,10216,,64,,,1518359,3,64,1,,"v2","v2","f10","v1",0
20,0x1084c,"vse.v	v2, (a1)",4191,10267,0x28490,64,,,1518359,3,64,1,,,"v2","x11",,0
21,0x10834,"vsetvli	a4, a4, e64,m1",4191,10113,,64,768,,1518359,3,64,1,,"x14","x14",,,
22,0x10838,"vle.v	v1, (a0)",4189,10269,0x26680,64,,,1518359,3,64,1,,"v1","x10",,,0
23,0x1083c,"vle.v	v2, (a1)",4189,10109,0x28690,64,,,1518359,3,64,1,,"v2","x11",,,0
24,0x10840,"vfmacc.vf	v2, fa0, v1",4189,9931,,64,,,1518359,3,64,1,,"v2","v2","f10","v1",0
25,0x1084c,"vse.v	v2, (a1)",4192,10021,0x28690,64,,,1518359,3,64,1,,,"v2","x11",,0
26,0x10834,"vsetvli	a4, a4, e64,m1",4191,10321,,64,704,,1518359,3,64,1,,"x14","x14",,,
27,0x10838,"vle.v	v1, (a0)",4188,10607,0x26880,64,,,1518359,3,64,1,,"v1","x10",,,0
28,0x1083c,"vle.v	v2, (a1)",4188,10419,0x28890,64,,,1518359,3,64,1,,"v2","x11",,,0
29,0x10840,"vfmacc.vf	v2, fa0, v1",4189,10079,,64,,,1518359,3,64,1,,"v2","v2","f10","v1",0
30,0x1084c,"vse.v	v2, (a1)",4191,10400,0x28890,64,,,1518359,3,64,1,,,"v2","x11",,0
31,0x10834,"vsetvli	a4, a4, e64,m1",4192,11069,,64,640,,1518359,3,64,1,,"x14","x14",,,
32,0x10838,"vle.v	v1, (a0)",4189,10671,0x26a80,64,,,1518359,3,64,1,,"v1","x10",,,0
33,0x1083c,"vle.v	v2, (a1)",4188,10271,0x28a90,64,,,1518359,3,64,1,,"v2","x11",,,0
34,0x10840,"vfmacc.vf	v2, fa0, v1",4189,10107,,64,,,1518359,3,64,1,,"v2","v2","f10","v1",0
35,0x1084c,"vse.v	v2, (a1)",4191,9943,0x28a90,64,,,1518359,3,64,1,,,"v2","x11",,0
36,0x10834,"vsetvli	a4, a4, e64,m1",4192,9993,,64,576,,1518359,3,64,1,,"x14","x14",,,
37,0x10838,"vle.v	v1, (a0)",4188,10201,0x26c80,64,,,1518359,3,64,1,,"v1","x10",,,0
38,0x1083c,"vle.v	v2, (a1)",4189,10195,0x28c90,64,,,1518359,3,64,1,,"v2","x11",,,0
39,0x10840,"vfmacc.vf	v2, fa0, v1",4188,10065,,64,,,1518359,3,64,1,,"v2","v2","f10","v1",0
40,0x1084c,"vse.v	v2, (a1)",4191,9807,0x28c90,64,,,1518359,3,64,1,,,"v2","x11",,0
41,0x10834,"vsetvli	a4, a4, e64,m1",4191,10609,,64,512,,1518359,3,64,1,,"x14","x14",,,
42,0x10838,"vle.v	v1, (a0)",4189,9961,0x26e80,64,,,1518359,3,64,1,,"v1","x10",,,0
43,0x1083c,"vle.v	v2, (a1)",4188,9941,0x28e90,64,,,1518359,3,64,1,,"v2","x11",,,0
44,0x10840,"vfmacc.vf	v2, fa0, v1",4188,9969,,64,,,1518359,3,64,1,,"v2","v2","f10","v1",0
45,0x1084c,"vse.v	v2, (a1)",4191,10141,0x28e90,64,,,1518359,3,64,1,,,"v2","x11",,0
46,0x10834,"vsetvli	a4, a4, e64,m1",4191,10015,,64,448,,1518359,3,64,1,,"x14","x14",,,
47,0x10838,"vle.v	v1, (a0)",4189,10033,0x27080,64,,,1518359,3,64,1,,"v1","x10",,,0
48,0x1083c,"vle.v	v2, (a1)",4189,10285,0x29090,64,,,1518359,3,64,1,,"v2","x11",,,0
49,0x10840,"vfmacc.vf	v2, fa0, v1",4189,10209,,64,,,1518359,3,64,1,,"v2","v2","f10","v1",0
50,0x1084c,"vse.v	v2, (a1)",4191,9935,0x29090,64,,,1518359,3,64,1,,,"v2","x11",,0
51,0x10834,"vsetvli	a4, a4, e64,m1",4192,10339,,64,384,,1518359,3,64,1,,"x14","x14",,,
52,0x10838,"vle.v	v1, (a0)",4188,10333,0x27280,64,,,1518359,3,64,1,,"v1","x10",,,0
53,0x1083c,"vle.v	v2, (a1)",4189,10119,0x29290,64,,,1518359,3,64,1,,"v2","x11",,,0
54,0x10840,"vfmacc.vf	v2, fa0, v1",4188,10009,,64,,,1518359,3,64,1,,"v2","v2","f10","v1",0
55,0x1084c,"vse.v	v2, (a1)",4191,10023,0x29290,64,,,1518359,3,64,1,,,"v2","x11",,0
56,0x10834,"vsetvli	a4, a4, e64,m1",4191,10299,,64,320,,1518359,3,64,1,,"x14","x14",,,
57,0x10838,"vle.v	v1, (a0)",4189,10791,0x27480,64,,,1518359,3,64,1,,"v1","x10",,,0
58,0x1083c,"vle.v	v2, (a1)",4188,10067,0x29490,64,,,1518359,3,64,1,,"v2","x11",,,0
59,0x10840,"vfmacc.vf	v2, fa0, v1",4188,10099,,64,,,1518359,3,64,1,,"v2","v2","f10","v1",0
60,0x1084c,"vse.v	v2, (a1)",4191,9947,0x29490,64,,,1518359,3,64,1,,,"v2","x11",,0
61,0x10834,"vsetvli	a4, a4, e64,m1",4192,10633,,64,256,,1518359,3,64,1,,"x14","x14",,,
62,0x10838,"vle.v	v1, (a0)",4188,10303,0x27680,64,,,1518359,3,64,1,,"v1","x10",,,0
63,0x1083c,"vle.v	v2, (a1)",4188,9973,0x29690,64,,,1518359,3,64,1,,"v2","x11",,,0
64,0x10840,"vfmacc.vf	v2, fa0, v1",4189,10327,,64,,,1518359,3,64,1,,"v2","v2","f10","v1",0
65,0x1084c,"vse.v	v2, (a1)",4192,10017,0x29690,64,,,1518359,3,64,1,,,"v2","x11",,0
66,0x10834,"vsetvli	a4, a4, e64,m1",4191,10323,,64,192,,1518359,3,64,1,,"x14","x14",,,
67,0x10838,"vle.v	v1, (a0)",4188,10655,0x27880,64,,,1518359,3,64,1,,"v1","x10",,,0
68,0x1083c,"vle.v	v2, (a1)",4188,10713,0x29890,64,,,1518359,3,64,1,,"v2","x11",,,0
69,0x10840,"vfmacc.vf	v2, fa0, v1",4188,10107,,64,,,1518359,3,64,1,,"v2","v2","f10","v1",0
70,0x1084c,"vse.v	v2, (a1)",4192,10085,0x29890,64,,,1518359,3,64,1,,,"v2","x11",,0
71,0x10834,"vsetvli	a4, a4, e64,m1",4192,10117,,64,128,,1518359,3,64,1,,"x14","x14",,,
72,0x10838,"vle.v	v1, (a0)",4189,10013,0x27a80,64,,,1518359,3,64,1,,"v1","x10",,,0
73,0x1083c,"vle.v	v2, (a1)",4189,10147,0x29a90,64,,,1518359,3,64,1,,"v2","x11",,,0
74,0x10840,"vfmacc.vf	v2, fa0, v1",4188,9995,,64,,,1518359,3,64,1,,"v2","v2","f10","v1",0
75,0x1084c,"vse.v	v2, (a1)",4191,10371,0x29a90,64,,,1518359,3,64,1,,,"v2","x11",,0
76,0x10834,"vsetvli	a4, a4, e64,m1",4192,10307,,64,64,,1518359,3,64,1,,"x14","x14",,,
77,0x10838,"vle.v	v1, (a0)",4188,10323,0x27c80,64,,,1518359,3,64,1,,"v1","x10",,,0
78,0x1083c,"vle.v	v2, (a1)",4189,10083,0x29c90,64,,,1518359,3,64,1,,"v2","x11",,,0
79,0x10840,"vfmacc.vf	v2, fa0, v1",4189,9931,,64,,,1518359,3,64,1,,"v2","v2","f10","v1",0
80,0x1084c,"vse.v	v2, (a1)",4192,9803,0x29c90,64,,,1518359,3,64,1,,,"v2","x11",,0
